TN:
SF:script/Deploy.s.sol
DA:16,0
FN:16,Deploy.run
FNDA:0,Deploy.run
DA:17,0
DA:18,0
DA:19,0
DA:20,0
DA:21,0
DA:23,0
DA:24,0
DA:25,0
DA:27,0
DA:28,0
DA:29,0
DA:30,0
DA:31,0
FNF:1
FNH:0
LF:14
LH:0
BRF:0
BRH:0
end_of_record
TN:
SF:src/GridixEscrow.sol
DA:45,23
FN:45,GridixEscrow.constructor
FNDA:23,GridixEscrow.constructor
DA:46,23
BRDA:46,0,0,4
DA:47,4
DA:49,19
DA:50,19
DA:51,19
DA:52,19
DA:56,522
FN:56,GridixEscrow.balanceOf
FNDA:522,GridixEscrow.balanceOf
DA:57,522
DA:62,529
FN:62,GridixEscrow.deposit
FNDA:529,GridixEscrow.deposit
DA:63,528
BRDA:63,1,0,1
DA:64,527
DA:65,527
DA:66,527
DA:70,487
FN:70,GridixEscrow.withdraw
FNDA:487,GridixEscrow.withdraw
DA:71,485
BRDA:71,2,0,1
DA:72,484
DA:73,484
BRDA:73,3,0,1
DA:74,483
DA:75,483
DA:76,483
DA:80,487
FN:80,GridixEscrow.debit
FNDA:487,GridixEscrow.debit
DA:81,484
BRDA:81,4,0,1
DA:82,483
DA:83,483
BRDA:83,5,0,1
DA:84,482
DA:85,482
DA:86,482
DA:87,482
DA:91,3
FN:91,GridixEscrow.setTreasury
FNDA:3,GridixEscrow.setTreasury
DA:92,2
BRDA:92,6,0,1
DA:93,1
DA:94,1
DA:98,3
FN:98,GridixEscrow.pause
FNDA:3,GridixEscrow.pause
DA:99,2
DA:103,1
FN:103,GridixEscrow.unpause
FNDA:1,GridixEscrow.unpause
DA:104,1
FNF:8
FNH:8
LF:37
LH:37
BRF:7
BRH:7
end_of_record
TN:
SF:src/GridixStaking.sol
DA:77,30
FN:77,GridixStaking.constructor
FNDA:30,GridixStaking.constructor
DA:87,30
DA:88,29
DA:89,1
BRDA:89,0,0,1
DA:90,1
DA:92,29
DA:93,29
DA:94,29
DA:95,29
DA:96,29
DA:97,29
DA:98,29
DA:103,519
FN:103,GridixStaking.stakeOf
FNDA:519,GridixStaking.stakeOf
DA:104,519
DA:107,515
FN:107,GridixStaking.unstakingOf
FNDA:515,GridixStaking.unstakingOf
DA:108,515
DA:109,515
DA:112,515
FN:112,GridixStaking.disputeOf
FNDA:515,GridixStaking.disputeOf
DA:117,515
DA:118,515
DA:121,2
FN:121,GridixStaking.earningsOf
FNDA:2,GridixStaking.earningsOf
DA:122,2
DA:126,2
FN:126,GridixStaking.hasMinimumStake
FNDA:2,GridixStaking.hasMinimumStake
DA:127,2
DA:132,526
FN:132,GridixStaking.stake
FNDA:526,GridixStaking.stake
DA:133,525
BRDA:133,1,0,1
DA:134,524
DA:135,524
DA:136,524
DA:142,484
FN:142,GridixStaking.unstake
FNDA:484,GridixStaking.unstake
DA:143,483
BRDA:143,2,0,1
DA:144,482
DA:145,482
BRDA:145,3,0,1
DA:146,481
DA:147,481
DA:148,481
DA:149,481
DA:150,481
DA:154,3
FN:154,GridixStaking.completeUnstake
FNDA:3,GridixStaking.completeUnstake
DA:155,3
DA:156,3
DA:157,3
BRDA:157,4,0,1
DA:158,2
BRDA:158,5,0,1
DA:160,1
DA:161,1
DA:169,491
FN:169,GridixStaking.slash
FNDA:491,GridixStaking.slash
DA:174,490
BRDA:174,6,0,1
DA:175,1
BRDA:175,7,0,1
DA:176,488
DA:177,488
DA:178,488
DA:179,488
BRDA:179,8,0,1
DA:181,487
BRDA:181,9,0,365
BRDA:181,9,1,122
DA:182,365
DA:184,122
DA:185,122
DA:187,487
DA:188,487
DA:193,4
FN:193,GridixStaking.resolveDispute
FNDA:4,GridixStaking.resolveDispute
DA:194,3
DA:195,3
BRDA:195,10,0,1
DA:196,2
DA:197,2
DA:198,2
DA:199,1
BRDA:199,11,0,1
BRDA:199,11,1,1
DA:200,1
DA:202,1
DA:209,8
FN:209,GridixStaking.depositSettlement
FNDA:8,GridixStaking.depositSettlement
DA:210,8
BRDA:210,12,0,1
DA:211,7
DA:212,7
DA:213,7
DA:219,58
FN:219,GridixStaking.settleBatch
FNDA:58,GridixStaking.settleBatch
DA:225,56
DA:226,56
BRDA:226,13,0,1
DA:227,55
DA:228,55
DA:229,104
DA:231,55
DA:232,55
BRDA:232,14,0,1
DA:233,54
DA:234,54
DA:235,103
DA:236,103
DA:241,6
FN:241,GridixStaking.withdraw
FNDA:6,GridixStaking.withdraw
DA:242,4
DA:243,4
BRDA:243,15,0,1
DA:244,3
DA:245,3
DA:246,3
DA:251,2
FN:251,GridixStaking.setMinStake
FNDA:2,GridixStaking.setMinStake
DA:252,1
DA:253,1
DA:256,1
FN:256,GridixStaking.setCooldownPeriod
FNDA:1,GridixStaking.setCooldownPeriod
DA:257,1
DA:258,1
DA:261,1
FN:261,GridixStaking.setTreasury
FNDA:1,GridixStaking.setTreasury
DA:262,1
BRDA:262,16,0,0
DA:263,1
DA:264,1
DA:267,2
FN:267,GridixStaking.pause
FNDA:2,GridixStaking.pause
DA:268,2
DA:271,1
FN:271,GridixStaking.unpause
FNDA:1,GridixStaking.unpause
DA:272,1
FNF:19
FNH:19
LF:104
LH:104
BRF:19
BRH:18
end_of_record
TN:
SF:test/GridixEscrow.t.sol
DA:18,1
FN:18,ReentrancyAttacker.constructor
FNDA:1,ReentrancyAttacker.constructor
DA:19,1
DA:20,1
DA:23,1
FN:23,ReentrancyAttacker.attack
FNDA:1,ReentrancyAttacker.attack
DA:24,1
DA:25,1
DA:26,1
DA:27,1
DA:28,1
DA:31,1
FN:31,ReentrancyAttacker.hook
FNDA:1,ReentrancyAttacker.hook
DA:32,1
FNF:3
FNH:3
LF:11
LH:11
BRF:0
BRH:0
end_of_record
TN:
SF:test/GridixStaking.t.sol
DA:18,2
FN:18,StakingReentrancyAttacker.constructor
FNDA:2,StakingReentrancyAttacker.constructor
DA:19,2
DA:20,2
DA:23,2
FN:23,StakingReentrancyAttacker.trigger
FNDA:2,StakingReentrancyAttacker.trigger
DA:24,2
DA:25,2
DA:26,2
DA:29,2
FN:29,StakingReentrancyAttacker.hook
FNDA:2,StakingReentrancyAttacker.hook
DA:30,2
BRDA:30,0,0,1
BRDA:30,0,1,0
DA:31,1
DA:33,1
DA:34,1
DA:35,1
DA:36,1
DA:37,1
FNF:3
FNH:3
LF:15
LH:15
BRF:2
BRH:1
end_of_record
TN:
SF:test/mocks/MockUSDC.sol
DA:10,1
FN:10,MockUSDC.decimals
FNDA:1,MockUSDC.decimals
DA:11,1
DA:14,1074
FN:14,MockUSDC.mint
FNDA:1074,MockUSDC.mint
DA:15,1074
FNF:2
FNH:2
LF:4
LH:4
BRF:0
BRH:0
end_of_record
TN:
SF:test/mocks/ReentrantToken.sol
DA:19,0
FN:19,ReentrantToken.decimals
FNDA:0,ReentrantToken.decimals
DA:20,0
DA:23,3
FN:23,ReentrantToken.mint
FNDA:3,ReentrantToken.mint
DA:24,3
DA:27,3
FN:27,ReentrantToken.arm
FNDA:3,ReentrantToken.arm
DA:28,3
DA:29,3
DA:32,3
FN:32,ReentrantToken.transfer
FNDA:3,ReentrantToken.transfer
DA:33,3
BRDA:33,0,0,3
DA:34,3
DA:35,3
DA:37,0
FNF:4
FNH:3
LF:12
LH:9
BRF:1
BRH:1
end_of_record
